#
# There is insufficient memory for the Java Runtime Environment to continue.
# Native memory allocation (mmap) failed to map 132120576 bytes for Failed to commit area from 0x0000000082a00000 to 0x000000008a800000 of length 132120576.
# Possible reasons:
#   The system is out of physical RAM or swap space
#   The process is running with CompressedOops enabled, and the Java Heap may be blocking the growth of the native heap
# Possible solutions:
#   Reduce memory load on the system
#   Increase physical memory or swap space
#   Check if swap backing store is full
#   Decrease Java heap size (-Xmx/-Xms)
#   Decrease number of Java threads
#   Decrease Java thread stack sizes (-Xss)
#   Set larger code cache with -XX:ReservedCodeCacheSize=
# This output file may be truncated or incomplete.
#
#  Out of Memory Error (t:/workspace/hotspot/src/os/windows/vm/os_windows.cpp:3357), pid=12720, tid=12644
#
# JRE version:  (9.0+11) (build )
# Java VM: Java HotSpot(TM) 64-Bit Server VM (9.0.1+11, mixed mode, tiered, compressed oops, g1 gc, windows-amd64)
# No core dump will be written. Minidumps are not enabled by default on client versions of Windows
#

---------------  S U M M A R Y ------------

Command Line: -javaagent:E:\IntelliJ IDEA 2018.3.4\lib\idea_rt.jar=59134:E:\IntelliJ IDEA 2018.3.4\bin -Dfile.encoding=UTF-8 com.company.Main

Host: Intel(R) Core(TM) i5-6300HQ CPU @ 2.30GHz, 4 cores, 7G,  Windows 10 , 64 bit Build 18362 (10.0.18362.329)
Time: Fri Mar 27 01:16:33 2020 Aaea?onu (ceia) elapsed time: 3 seconds (0d 0h 0m 3s)

---------------  T H R E A D  ---------------

Current thread (0x000001f81cfc7000):  JavaThread "Unknown thread" [_thread_in_vm, id=12644, stack(0x00000082b2200000,0x00000082b2300000)]

Stack: [0x00000082b2200000,0x00000082b2300000]
Native frames: (J=compiled Java code, j=interpreted, Vv=VM code, C=native code)
V  [jvm.dll+0x5870b8]
V  [jvm.dll+0x69c0ee]
V  [jvm.dll+0x69d00a]
V  [jvm.dll+0x69d643]
V  [jvm.dll+0x21d148]
V  [jvm.dll+0x584bf4]
V  [jvm.dll+0x57a005]
V  [jvm.dll+0x2cd46b]
V  [jvm.dll+0x2cd3d3]
V  [jvm.dll+0x2cd2a2]
V  [jvm.dll+0x2cf2a3]
V  [jvm.dll+0x319203]
V  [jvm.dll+0x319916]
V  [jvm.dll+0x319303]
V  [jvm.dll+0x2adbf8]
V  [jvm.dll+0x2aee37]
V  [jvm.dll+0x67b1ed]
V  [jvm.dll+0x67c5ac]
V  [jvm.dll+0x3269c9]
V  [jvm.dll+0x6653ee]
V  [jvm.dll+0x391931]
V  [jvm.dll+0x3938e1]
C  [java.exe+0x34f1]
C  [java.exe+0xe24f]
C  [java.exe+0xe3f6]
C  [KERNEL32.DLL+0x17bd4]
C  [ntdll.dll+0x6ced1]


---------------  P R O C E S S  ---------------

Java Threads: ( => current thread )

Other Threads:
  0x000001f81cfdc800 GCTaskThread "GC Thread#0" [stack: 0x00000082b2300000,0x00000082b2400000] [id=11928]
  0x000001f81cfde000 GCTaskThread "GC Thread#1" [stack: 0x00000082b2400000,0x00000082b2500000] [id=2380]
  0x000001f81cfe0800 GCTaskThread "GC Thread#2" [stack: 0x00000082b2500000,0x00000082b2600000] [id=12832]
  0x000001f81cfe3000 GCTaskThread "GC Thread#3" [stack: 0x00000082b2600000,0x00000082b2700000] [id=12700]
  0x000001f81d063800 ConcurrentGCThread "G1 Main Marker" [stack: 0x00000082b2c00000,0x00000082b2d00000] [id=12280]
  0x000001f81d066800 ConcurrentGCThread "G1 Marker#0" [stack: 0x00000082b2d00000,0x00000082b2e00000] [id=12380]
  0x000001f81cff4800 ConcurrentGCThread "G1 Refine#0" [stack: 0x00000082b2a00000,0x00000082b2b00000] [id=11936]
  0x000001f81cff3800 ConcurrentGCThread "G1 Refine#1" [stack: 0x00000082b2900000,0x00000082b2a00000] [id=1636]
  0x000001f81cff2800 ConcurrentGCThread "G1 Refine#2" [stack: 0x00000082b2800000,0x00000082b2900000] [id=7276]
  0x000001f81cfeb000 ConcurrentGCThread "G1 Refine#3" [stack: 0x00000082b2700000,0x00000082b2800000] [id=10608]
  0x000001f81cff5800 ConcurrentGCThread "G1 Young RemSet Sampling" [stack: 0x00000082b2b00000,0x00000082b2c00000] [id=12292]

=>0x000001f81cfc7000 (exited) JavaThread "Unknown thread" [_thread_in_vm, id=12644, stack(0x00000082b2200000,0x00000082b2300000)]

Threads with active compile tasks:

VM state:not at safepoint (not fully initialized)

VM Mutex/Monitor currently owned by a thread:  ([mutex/lock_event])
[0x000001f81cfc31c0] Heap_lock - owner thread: 0x000001f81cfc7000

Heap address: 0x0000000082a00000, size: 2006 MB, Compressed Oops mode: Non-zero based: 0x0000000082a00000
Narrow klass base: 0x0000000000000000, Narrow klass shift: 0

GC Heap History (0 events):
No events

Deoptimization events (0 events):
No events

Classes redefined (0 events):
No events

Internal exceptions (0 events):
No events

Events (0 events):
No events


Dynamic libraries:
0x00007ff686b20000 - 0x00007ff686b5e000 	C:\Program Files\Java\jdk-9.0.1\bin\java.exe
0x00007ffd4b140000 - 0x00007ffd4b330000 	C:\WINDOWS\SYSTEM32\ntdll.dll
0x00007ffd4a120000 - 0x00007ffd4a1d2000 	C:\WINDOWS\System32\KERNEL32.DLL
0x00007ffd484a0000 - 0x00007ffd48743000 	C:\WINDOWS\System32\KERNELBASE.dll
0x00007ffd4a3a0000 - 0x00007ffd4a443000 	C:\WINDOWS\System32\ADVAPI32.dll
0x00007ffd49260000 - 0x00007ffd492fe000 	C:\WINDOWS\System32\msvcrt.dll
0x00007ffd4a970000 - 0x00007ffd4aa07000 	C:\WINDOWS\System32\sechost.dll
0x00007ffd49400000 - 0x00007ffd49520000 	C:\WINDOWS\System32\RPCRT4.dll
0x00007ffd49d30000 - 0x00007ffd49ec4000 	C:\WINDOWS\System32\USER32.dll
0x00007ffd48470000 - 0x00007ffd48491000 	C:\WINDOWS\System32\win32u.dll
0x00007ffd4a080000 - 0x00007ffd4a0a6000 	C:\WINDOWS\System32\GDI32.dll
0x00007ffd481d0000 - 0x00007ffd48364000 	C:\WINDOWS\System32\gdi32full.dll
0x00007ffd48130000 - 0x00007ffd481ce000 	C:\WINDOWS\System32\msvcp_win.dll
0x00007ffd48370000 - 0x00007ffd4846a000 	C:\WINDOWS\System32\ucrtbase.dll
0x00007ffd25180000 - 0x00007ffd25405000 	C:\WINDOWS\WinSxS\amd64_microsoft.windows.common-controls_6595b64144ccf1df_6.0.18362.720_none_e6beb5c51314836b\COMCTL32.dll
0x00007ffd3f220000 - 0x00007ffd3f22a000 	C:\WINDOWS\SYSTEM32\VERSION.dll
0x00007ffd4a450000 - 0x00007ffd4a786000 	C:\WINDOWS\System32\combase.dll
0x00007ffd48ef0000 - 0x00007ffd48f70000 	C:\WINDOWS\System32\bcryptPrimitives.dll
0x00007ffd49300000 - 0x00007ffd4932e000 	C:\WINDOWS\System32\IMM32.DLL
0x00007ffd092b0000 - 0x00007ffd0939f000 	C:\Program Files\Java\jdk-9.0.1\bin\msvcr120.dll
0x00007ffd08230000 - 0x00007ffd082d6000 	C:\Program Files\Java\jdk-9.0.1\bin\msvcp120.dll
0x0000000065cc0000 - 0x00000000666e4000 	C:\Program Files\Java\jdk-9.0.1\bin\server\jvm.dll
0x00007ffd4a390000 - 0x00007ffd4a398000 	C:\WINDOWS\System32\PSAPI.DLL
0x00007ffd1ce20000 - 0x00007ffd1ce29000 	C:\WINDOWS\SYSTEM32\WSOCK32.dll
0x00007ffd447f0000 - 0x00007ffd44814000 	C:\WINDOWS\SYSTEM32\WINMM.dll
0x00007ffd49f40000 - 0x00007ffd49faf000 	C:\WINDOWS\System32\WS2_32.dll
0x00007ffd447c0000 - 0x00007ffd447ed000 	C:\WINDOWS\SYSTEM32\WINMMBASE.dll
0x00007ffd490f0000 - 0x00007ffd4913a000 	C:\WINDOWS\System32\cfgmgr32.dll
0x00007ffd444f0000 - 0x00007ffd444ff000 	C:\Program Files\Java\jdk-9.0.1\bin\verify.dll
0x00007ffd39bf0000 - 0x00007ffd39c17000 	C:\Program Files\Java\jdk-9.0.1\bin\java.dll
0x00007ffd33080000 - 0x00007ffd330aa000 	C:\Program Files\Java\jdk-9.0.1\bin\instrument.dll
0x00007ffd3e1d0000 - 0x00007ffd3e1e6000 	C:\Program Files\Java\jdk-9.0.1\bin\zip.dll
0x00007ffd3e320000 - 0x00007ffd3e32a000 	C:\Program Files\Java\jdk-9.0.1\bin\jimage.dll
0x00007ffd46a30000 - 0x00007ffd46c24000 	C:\WINDOWS\SYSTEM32\dbghelp.dll

VM Arguments:
jvm_args: -javaagent:E:\IntelliJ IDEA 2018.3.4\lib\idea_rt.jar=59134:E:\IntelliJ IDEA 2018.3.4\bin -Dfile.encoding=UTF-8 
java_command: com.company.Main
java_class_path (initial): E:\Java\epam\storesss\out\production\storesss
Launcher Type: SUN_STANDARD

Logging:
Log output configuration:
#0: stdout all=warning uptime,level,tags
#1: stderr all=off uptime,level,tags

Environment Variables:
PATH=E:\OracleHome\bin;C:\Program Files (x86)\Common Files\Intel\Shared Files\cpp\bin\Intel64;C:\ProgramData\Oracle\Java\javapath;C:\Windows\system32;C:\Windows;C:\Windows\System32\Wbem;C:\Windows\System32\WindowsPowerShell\v1.0\;C:\Program Files (x86)\NVIDIA Corporation\PhysX\Common;C:\WINDOWS\system32;C:\WINDOWS;C:\WINDOWS\System32\Wbem;C:\WINDOWS\System32\WindowsPowerShell\v1.0\;E:\Tex\miktex\bin\x64\;C:\Program Files\MiKTeX 2.9\miktex\bin\x64\;C:\Program Files\Microsoft SQL Server\130\Tools\Binn\;C:\Program Files\dotnet\;C:\WINDOWS\System32\OpenSSH\;C:\Program Files (x86)\Microsoft SQL Server\Client SDK\ODBC\130\Tools\Binn\;C:\Program Files (x86)\Microsoft SQL Server\140\Tools\Binn\;C:\Program Files (x86)\Microsoft SQL Server\140\DTS\Binn\;C:\Program Files (x86)\Microsoft SQL Server\140\Tools\Binn\ManagementStudio\;C:\Program Files\Microsoft SQL Server\140\Tools\Binn\;C:\Program Files\Microsoft SQL Server\140\DTS\Binn\;C:\Program Files\Microsoft SQL Server\Client SDK\ODBC\130\Tools\Binn\;C:\Users\AlexeiZhautok\AppData\Local\Microsoft\WindowsApps;
USERNAME=AlexeiZhautok
OS=Windows_NT
PROCESSOR_IDENTIFIER=Intel64 Family 6 Model 94 Stepping 3, GenuineIntel



---------------  S Y S T E M  ---------------

OS: Windows 10 , 64 bit Build 18362 (10.0.18362.329)

CPU:total 4 (initial active 4) (4 cores per cpu, 1 threads per core) family 6 model 94 stepping 3, cmov, cx8, fxsr, mmx, sse, sse2, sse3, ssse3, sse4.1, sse4.2, popcnt, avx, avx2, aes, clmul, erms, rtm, 3dnowpref, lzcnt, tsc, tscinvbit, bmi1, bmi2, adx, fma

Memory: 4k page, physical 8212480k(2134504k free), swap 11358208k(19616k free)

vm_info: Java HotSpot(TM) 64-Bit Server VM (9.0.1+11) for windows-amd64 JRE (9.0.1+11), built on Sep 28 2017 04:54:03 by "mach5one" with MS VC++ 12.0 (VS2013)

END.
